<?xml version="1.0" encoding="UTF-8"?>
<!-- Generated by org.testng.reporters.JUnitReportReporter -->
<testsuite skipped="0" hostname="DESKTOP-K2BIR38" name="com.pro.test.SmokeTest" tests="1" failures="0" timestamp="23 Feb 2018 08:02:42 GMT" time="0.017" errors="0">
  <testcase name="m1" time="0.017" classname="com.pro.test.SmokeTest"/>
</testsuite> <!-- com.pro.test.SmokeTest -->
